android/app/build/intermediates/manifest_merge_blame_file/debug/manifest-merger-blame-debug-report.txt
1<?xml version="1.0" encoding="utf-8"?>
2<manifest xmlns:android="http://schemas.android.com/apk/res/android"
3    package="com.iluscinema"
4    android:versionCode="1"
5    android:versionName="1.0" >
6
7    <uses-sdk
8        android:minSdkVersion="21"
9        android:targetSdkVersion="31" />
10
11    <uses-permission android:name="android.permission.SYSTEM_ALERT_WINDOW" />
11-->src/debug/AndroidManifest.xml:5:5-77
11-->src/debug/AndroidManifest.xml:5:22-75
12    <uses-permission android:name="android.permission.INTERNET" />
12-->src/main/AndroidManifest.xml:4:5-67
12-->src/main/AndroidManifest.xml:4:22-64
13    <uses-permission android:name="android.permission.CALL_PHONE" />
13-->src/main/AndroidManifest.xml:5:9-73
13-->src/main/AndroidManifest.xml:5:26-70
14    <uses-permission android:name="android.permission.ACCESS_WIFI_STATE" />
14-->[com.facebook.flipper:flipper:0.125.0] AndroidManifest.xml:16:5-76
14-->[com.facebook.flipper:flipper:0.125.0] AndroidManifest.xml:16:22-73
15    <uses-permission android:name="android.permission.ACCESS_NETWORK_STATE" />
15-->[:react-native-community_netinfo] AndroidManifest.xml:9:5-79
15-->[:react-native-community_netinfo] AndroidManifest.xml:9:22-76
16
17    <application
17-->src/main/AndroidManifest.xml:8:5-27:19
18        android:name="com.iluscinema.MainApplication"
18-->src/main/AndroidManifest.xml:9:7-38
19        android:allowBackup="false"
19-->src/main/AndroidManifest.xml:13:7-34
20        android:appComponentFactory="androidx.core.app.CoreComponentFactory"
20-->[androidx.core:core:1.7.0] AndroidManifest.xml:24:18-86
21        android:debuggable="true"
22        android:icon="@mipmap/ic_launcher"
22-->src/main/AndroidManifest.xml:11:7-41
23        android:label="@string/app_name"
23-->src/main/AndroidManifest.xml:10:7-39
24        android:roundIcon="@mipmap/ic_launcher_round"
24-->src/main/AndroidManifest.xml:12:7-52
25        android:theme="@style/AppTheme"
25-->src/main/AndroidManifest.xml:14:7-38
26        android:usesCleartextTraffic="true" >
26-->src/debug/AndroidManifest.xml:8:9-44
27        <activity
27-->src/debug/AndroidManifest.xml:11:9-111
28            android:name="com.facebook.react.devsupport.DevSettingsActivity"
28-->src/debug/AndroidManifest.xml:11:19-83
29            android:exported="false" />
29-->src/debug/AndroidManifest.xml:11:84-108
30        <activity
30-->src/main/AndroidManifest.xml:15:7-26:18
31            android:name="com.iluscinema.MainActivity"
31-->src/main/AndroidManifest.xml:16:9-37
32            android:configChanges="keyboard|keyboardHidden|orientation|screenLayout|screenSize|smallestScreenSize|uiMode"
32-->src/main/AndroidManifest.xml:18:9-118
33            android:exported="true"
33-->src/main/AndroidManifest.xml:21:9-32
34            android:label="@string/app_name"
34-->src/main/AndroidManifest.xml:17:9-41
35            android:launchMode="singleTask"
35-->src/main/AndroidManifest.xml:19:9-40
36            android:windowSoftInputMode="adjustResize" >
36-->src/main/AndroidManifest.xml:20:9-51
37            <intent-filter>
37-->src/main/AndroidManifest.xml:22:9-25:25
38                <action android:name="android.intent.action.MAIN" />
38-->src/main/AndroidManifest.xml:23:13-65
38-->src/main/AndroidManifest.xml:23:21-62
39
40                <category android:name="android.intent.category.LAUNCHER" />
40-->src/main/AndroidManifest.xml:24:13-73
40-->src/main/AndroidManifest.xml:24:23-70
41            </intent-filter>
42        </activity>
43
44        <meta-data
44-->[com.github.bumptech.glide:okhttp3-integration:4.12.0] AndroidManifest.xml:11:9-13:43
45            android:name="com.bumptech.glide.integration.okhttp3.OkHttpGlideModule"
45-->[com.github.bumptech.glide:okhttp3-integration:4.12.0] AndroidManifest.xml:12:13-84
46            android:value="GlideModule" />
46-->[com.github.bumptech.glide:okhttp3-integration:4.12.0] AndroidManifest.xml:13:13-40
47
48        <provider
48-->[androidx.emoji2:emoji2:1.0.0] AndroidManifest.xml:26:9-34:20
49            android:name="androidx.startup.InitializationProvider"
49-->[androidx.emoji2:emoji2:1.0.0] AndroidManifest.xml:27:13-67
50            android:authorities="com.iluscinema.androidx-startup"
50-->[androidx.emoji2:emoji2:1.0.0] AndroidManifest.xml:28:13-68
51            android:exported="false" >
51-->[androidx.emoji2:emoji2:1.0.0] AndroidManifest.xml:29:13-37
52            <meta-data
52-->[androidx.emoji2:emoji2:1.0.0] AndroidManifest.xml:31:13-33:52
53                android:name="androidx.emoji2.text.EmojiCompatInitializer"
53-->[androidx.emoji2:emoji2:1.0.0] AndroidManifest.xml:32:17-75
54                android:value="androidx.startup" />
54-->[androidx.emoji2:emoji2:1.0.0] AndroidManifest.xml:33:17-49
55            <meta-data
55-->[androidx.lifecycle:lifecycle-process:2.4.0] AndroidManifest.xml:31:13-33:52
56                android:name="androidx.lifecycle.ProcessLifecycleInitializer"
56-->[androidx.lifecycle:lifecycle-process:2.4.0] AndroidManifest.xml:32:17-78
57                android:value="androidx.startup" />
57-->[androidx.lifecycle:lifecycle-process:2.4.0] AndroidManifest.xml:33:17-49
58        </provider>
59    </application>
60
61</manifest>